Started analysis of ENCFF072AOO.fastq.gz
Approx 5% complete for ENCFF072AOO.fastq.gz
Approx 10% complete for ENCFF072AOO.fastq.gz
Approx 15% complete for ENCFF072AOO.fastq.gz
Approx 20% complete for ENCFF072AOO.fastq.gz
Approx 25% complete for ENCFF072AOO.fastq.gz
Approx 30% complete for ENCFF072AOO.fastq.gz
Approx 35% complete for ENCFF072AOO.fastq.gz
Approx 40% complete for ENCFF072AOO.fastq.gz
Approx 45% complete for ENCFF072AOO.fastq.gz
Approx 50% complete for ENCFF072AOO.fastq.gz
Approx 55% complete for ENCFF072AOO.fastq.gz
Approx 60% complete for ENCFF072AOO.fastq.gz
Approx 65% complete for ENCFF072AOO.fastq.gz
Approx 70% complete for ENCFF072AOO.fastq.gz
Approx 75% complete for ENCFF072AOO.fastq.gz
Approx 80% complete for ENCFF072AOO.fastq.gz
Approx 85% complete for ENCFF072AOO.fastq.gz
Approx 90% complete for ENCFF072AOO.fastq.gz
Approx 95% complete for ENCFF072AOO.fastq.gz
Analysis complete for ENCFF072AOO.fastq.gz
Started analysis of ENCFF108KBN.fastq.gz
Approx 5% complete for ENCFF108KBN.fastq.gz
Approx 10% complete for ENCFF108KBN.fastq.gz
Approx 15% complete for ENCFF108KBN.fastq.gz
Approx 20% complete for ENCFF108KBN.fastq.gz
Approx 25% complete for ENCFF108KBN.fastq.gz
Approx 30% complete for ENCFF108KBN.fastq.gz
Approx 35% complete for ENCFF108KBN.fastq.gz
Approx 40% complete for ENCFF108KBN.fastq.gz
Approx 45% complete for ENCFF108KBN.fastq.gz
Approx 50% complete for ENCFF108KBN.fastq.gz
Approx 55% complete for ENCFF108KBN.fastq.gz
Approx 60% complete for ENCFF108KBN.fastq.gz
Approx 65% complete for ENCFF108KBN.fastq.gz
Approx 70% complete for ENCFF108KBN.fastq.gz
Approx 75% complete for ENCFF108KBN.fastq.gz
Approx 80% complete for ENCFF108KBN.fastq.gz
Approx 85% complete for ENCFF108KBN.fastq.gz
Approx 90% complete for ENCFF108KBN.fastq.gz
Approx 95% complete for ENCFF108KBN.fastq.gz
Analysis complete for ENCFF108KBN.fastq.gz
Started analysis of ENCFF350ZBX.fastq.gz
Approx 5% complete for ENCFF350ZBX.fastq.gz
Approx 10% complete for ENCFF350ZBX.fastq.gz
Approx 15% complete for ENCFF350ZBX.fastq.gz
Approx 20% complete for ENCFF350ZBX.fastq.gz
Approx 25% complete for ENCFF350ZBX.fastq.gz
Approx 30% complete for ENCFF350ZBX.fastq.gz
Approx 35% complete for ENCFF350ZBX.fastq.gz
Approx 40% complete for ENCFF350ZBX.fastq.gz
Approx 45% complete for ENCFF350ZBX.fastq.gz
Approx 50% complete for ENCFF350ZBX.fastq.gz
Approx 55% complete for ENCFF350ZBX.fastq.gz
Approx 60% complete for ENCFF350ZBX.fastq.gz
Approx 65% complete for ENCFF350ZBX.fastq.gz
Approx 70% complete for ENCFF350ZBX.fastq.gz
Approx 75% complete for ENCFF350ZBX.fastq.gz
Approx 80% complete for ENCFF350ZBX.fastq.gz
Approx 85% complete for ENCFF350ZBX.fastq.gz
Approx 90% complete for ENCFF350ZBX.fastq.gz
Approx 95% complete for ENCFF350ZBX.fastq.gz
Analysis complete for ENCFF350ZBX.fastq.gz
Started analysis of ENCFF377OPM.fastq.gz
Approx 5% complete for ENCFF377OPM.fastq.gz
Approx 10% complete for ENCFF377OPM.fastq.gz
Approx 15% complete for ENCFF377OPM.fastq.gz
Approx 20% complete for ENCFF377OPM.fastq.gz
Approx 25% complete for ENCFF377OPM.fastq.gz
Approx 30% complete for ENCFF377OPM.fastq.gz
Approx 35% complete for ENCFF377OPM.fastq.gz
Approx 40% complete for ENCFF377OPM.fastq.gz
Approx 45% complete for ENCFF377OPM.fastq.gz
Approx 50% complete for ENCFF377OPM.fastq.gz
Approx 55% complete for ENCFF377OPM.fastq.gz
Approx 60% complete for ENCFF377OPM.fastq.gz
Approx 65% complete for ENCFF377OPM.fastq.gz
Approx 70% complete for ENCFF377OPM.fastq.gz
Approx 75% complete for ENCFF377OPM.fastq.gz
Approx 80% complete for ENCFF377OPM.fastq.gz
Approx 85% complete for ENCFF377OPM.fastq.gz
Approx 90% complete for ENCFF377OPM.fastq.gz
Approx 95% complete for ENCFF377OPM.fastq.gz
Analysis complete for ENCFF377OPM.fastq.gz
Started analysis of ENCFF378XQB.fastq.gz
Approx 5% complete for ENCFF378XQB.fastq.gz
Approx 10% complete for ENCFF378XQB.fastq.gz
Approx 15% complete for ENCFF378XQB.fastq.gz
Approx 20% complete for ENCFF378XQB.fastq.gz
Approx 25% complete for ENCFF378XQB.fastq.gz
Approx 30% complete for ENCFF378XQB.fastq.gz
Approx 35% complete for ENCFF378XQB.fastq.gz
Approx 40% complete for ENCFF378XQB.fastq.gz
Approx 45% complete for ENCFF378XQB.fastq.gz
Approx 50% complete for ENCFF378XQB.fastq.gz
Approx 55% complete for ENCFF378XQB.fastq.gz
Approx 60% complete for ENCFF378XQB.fastq.gz
Approx 65% complete for ENCFF378XQB.fastq.gz
Approx 70% complete for ENCFF378XQB.fastq.gz
Approx 75% complete for ENCFF378XQB.fastq.gz
Approx 80% complete for ENCFF378XQB.fastq.gz
Approx 85% complete for ENCFF378XQB.fastq.gz
Approx 90% complete for ENCFF378XQB.fastq.gz
Approx 95% complete for ENCFF378XQB.fastq.gz
Analysis complete for ENCFF378XQB.fastq.gz
Started analysis of ENCFF381CKZ.fastq.gz
Approx 5% complete for ENCFF381CKZ.fastq.gz
Approx 10% complete for ENCFF381CKZ.fastq.gz
Approx 15% complete for ENCFF381CKZ.fastq.gz
Approx 20% complete for ENCFF381CKZ.fastq.gz
Approx 25% complete for ENCFF381CKZ.fastq.gz
Approx 30% complete for ENCFF381CKZ.fastq.gz
Approx 35% complete for ENCFF381CKZ.fastq.gz
Approx 40% complete for ENCFF381CKZ.fastq.gz
Approx 45% complete for ENCFF381CKZ.fastq.gz
Approx 50% complete for ENCFF381CKZ.fastq.gz
Approx 55% complete for ENCFF381CKZ.fastq.gz
Approx 60% complete for ENCFF381CKZ.fastq.gz
Approx 65% complete for ENCFF381CKZ.fastq.gz
Approx 70% complete for ENCFF381CKZ.fastq.gz
Approx 75% complete for ENCFF381CKZ.fastq.gz
Approx 80% complete for ENCFF381CKZ.fastq.gz
Approx 85% complete for ENCFF381CKZ.fastq.gz
Approx 90% complete for ENCFF381CKZ.fastq.gz
Approx 95% complete for ENCFF381CKZ.fastq.gz
Analysis complete for ENCFF381CKZ.fastq.gz
Started analysis of ENCFF442GRR.fastq.gz
Approx 5% complete for ENCFF442GRR.fastq.gz
Approx 10% complete for ENCFF442GRR.fastq.gz
Approx 15% complete for ENCFF442GRR.fastq.gz
Approx 20% complete for ENCFF442GRR.fastq.gz
Approx 25% complete for ENCFF442GRR.fastq.gz
Approx 30% complete for ENCFF442GRR.fastq.gz
Approx 35% complete for ENCFF442GRR.fastq.gz
Approx 40% complete for ENCFF442GRR.fastq.gz
Approx 45% complete for ENCFF442GRR.fastq.gz
Approx 50% complete for ENCFF442GRR.fastq.gz
Approx 55% complete for ENCFF442GRR.fastq.gz
Approx 60% complete for ENCFF442GRR.fastq.gz
Approx 65% complete for ENCFF442GRR.fastq.gz
Approx 70% complete for ENCFF442GRR.fastq.gz
Approx 75% complete for ENCFF442GRR.fastq.gz
Approx 80% complete for ENCFF442GRR.fastq.gz
Approx 85% complete for ENCFF442GRR.fastq.gz
Approx 90% complete for ENCFF442GRR.fastq.gz
Approx 95% complete for ENCFF442GRR.fastq.gz
Analysis complete for ENCFF442GRR.fastq.gz
Started analysis of ENCFF507JPG.fastq.gz
Approx 5% complete for ENCFF507JPG.fastq.gz
Approx 10% complete for ENCFF507JPG.fastq.gz
Approx 15% complete for ENCFF507JPG.fastq.gz
Approx 20% complete for ENCFF507JPG.fastq.gz
Approx 25% complete for ENCFF507JPG.fastq.gz
Approx 30% complete for ENCFF507JPG.fastq.gz
Approx 35% complete for ENCFF507JPG.fastq.gz
Approx 40% complete for ENCFF507JPG.fastq.gz
Approx 45% complete for ENCFF507JPG.fastq.gz
Approx 50% complete for ENCFF507JPG.fastq.gz
Approx 55% complete for ENCFF507JPG.fastq.gz
Approx 60% complete for ENCFF507JPG.fastq.gz
Approx 65% complete for ENCFF507JPG.fastq.gz
Approx 70% complete for ENCFF507JPG.fastq.gz
Approx 75% complete for ENCFF507JPG.fastq.gz
Approx 80% complete for ENCFF507JPG.fastq.gz
Approx 85% complete for ENCFF507JPG.fastq.gz
Approx 90% complete for ENCFF507JPG.fastq.gz
Approx 95% complete for ENCFF507JPG.fastq.gz
Analysis complete for ENCFF507JPG.fastq.gz
Started analysis of ENCFF610OWW.fastq.gz
Approx 5% complete for ENCFF610OWW.fastq.gz
Approx 10% complete for ENCFF610OWW.fastq.gz
Approx 15% complete for ENCFF610OWW.fastq.gz
Approx 20% complete for ENCFF610OWW.fastq.gz
Approx 25% complete for ENCFF610OWW.fastq.gz
Approx 30% complete for ENCFF610OWW.fastq.gz
Approx 35% complete for ENCFF610OWW.fastq.gz
Approx 40% complete for ENCFF610OWW.fastq.gz
Approx 45% complete for ENCFF610OWW.fastq.gz
Approx 50% complete for ENCFF610OWW.fastq.gz
Approx 55% complete for ENCFF610OWW.fastq.gz
Approx 60% complete for ENCFF610OWW.fastq.gz
Approx 65% complete for ENCFF610OWW.fastq.gz
Approx 70% complete for ENCFF610OWW.fastq.gz
Approx 75% complete for ENCFF610OWW.fastq.gz
Approx 80% complete for ENCFF610OWW.fastq.gz
Approx 85% complete for ENCFF610OWW.fastq.gz
Approx 90% complete for ENCFF610OWW.fastq.gz
Approx 95% complete for ENCFF610OWW.fastq.gz
Analysis complete for ENCFF610OWW.fastq.gz
Started analysis of ENCFF631PPT.fastq.gz
Approx 5% complete for ENCFF631PPT.fastq.gz
Approx 10% complete for ENCFF631PPT.fastq.gz
Approx 15% complete for ENCFF631PPT.fastq.gz
Approx 20% complete for ENCFF631PPT.fastq.gz
Approx 25% complete for ENCFF631PPT.fastq.gz
Approx 30% complete for ENCFF631PPT.fastq.gz
Approx 35% complete for ENCFF631PPT.fastq.gz
Approx 40% complete for ENCFF631PPT.fastq.gz
Approx 45% complete for ENCFF631PPT.fastq.gz
Approx 50% complete for ENCFF631PPT.fastq.gz
Approx 55% complete for ENCFF631PPT.fastq.gz
Approx 60% complete for ENCFF631PPT.fastq.gz
Approx 65% complete for ENCFF631PPT.fastq.gz
Approx 70% complete for ENCFF631PPT.fastq.gz
Approx 75% complete for ENCFF631PPT.fastq.gz
Approx 80% complete for ENCFF631PPT.fastq.gz
Approx 85% complete for ENCFF631PPT.fastq.gz
Approx 90% complete for ENCFF631PPT.fastq.gz
Approx 95% complete for ENCFF631PPT.fastq.gz
Analysis complete for ENCFF631PPT.fastq.gz
Started analysis of ENCFF699JHK.fastq.gz
Approx 5% complete for ENCFF699JHK.fastq.gz
Approx 10% complete for ENCFF699JHK.fastq.gz
Approx 15% complete for ENCFF699JHK.fastq.gz
Approx 20% complete for ENCFF699JHK.fastq.gz
Approx 25% complete for ENCFF699JHK.fastq.gz
Approx 30% complete for ENCFF699JHK.fastq.gz
Approx 35% complete for ENCFF699JHK.fastq.gz
Approx 40% complete for ENCFF699JHK.fastq.gz
Approx 45% complete for ENCFF699JHK.fastq.gz
Approx 50% complete for ENCFF699JHK.fastq.gz
Approx 55% complete for ENCFF699JHK.fastq.gz
Approx 60% complete for ENCFF699JHK.fastq.gz
Approx 65% complete for ENCFF699JHK.fastq.gz
Approx 70% complete for ENCFF699JHK.fastq.gz
Approx 75% complete for ENCFF699JHK.fastq.gz
Approx 80% complete for ENCFF699JHK.fastq.gz
Approx 85% complete for ENCFF699JHK.fastq.gz
Approx 90% complete for ENCFF699JHK.fastq.gz
Approx 95% complete for ENCFF699JHK.fastq.gz
Failed to process file ENCFF699JHK.fastq.gz
uk.ac.babraham.FastQC.Sequence.SequenceFormatException: Ran out of data in the middle of a fastq entry.  Your file is probably truncated
	at uk.ac.babraham.FastQC.Sequence.FastQFile.readNext(FastQFile.java:179)
	at uk.ac.babraham.FastQC.Sequence.FastQFile.next(FastQFile.java:125)
	at uk.ac.babraham.FastQC.Analysis.AnalysisRunner.run(AnalysisRunner.java:76)
	at java.base/java.lang.Thread.run(Thread.java:834)
Started analysis of ENCFF726NSX.fastq.gz
Approx 5% complete for ENCFF726NSX.fastq.gz
Approx 10% complete for ENCFF726NSX.fastq.gz
Approx 15% complete for ENCFF726NSX.fastq.gz
Approx 20% complete for ENCFF726NSX.fastq.gz
Approx 25% complete for ENCFF726NSX.fastq.gz
Approx 30% complete for ENCFF726NSX.fastq.gz
Approx 35% complete for ENCFF726NSX.fastq.gz
Approx 40% complete for ENCFF726NSX.fastq.gz
Approx 45% complete for ENCFF726NSX.fastq.gz
Approx 50% complete for ENCFF726NSX.fastq.gz
Approx 55% complete for ENCFF726NSX.fastq.gz
Approx 60% complete for ENCFF726NSX.fastq.gz
Approx 65% complete for ENCFF726NSX.fastq.gz
Approx 70% complete for ENCFF726NSX.fastq.gz
Approx 75% complete for ENCFF726NSX.fastq.gz
Approx 80% complete for ENCFF726NSX.fastq.gz
Approx 85% complete for ENCFF726NSX.fastq.gz
Approx 90% complete for ENCFF726NSX.fastq.gz
Approx 95% complete for ENCFF726NSX.fastq.gz
Analysis complete for ENCFF726NSX.fastq.gz
Started analysis of ENCFF759TCO.fastq.gz
Approx 5% complete for ENCFF759TCO.fastq.gz
Approx 10% complete for ENCFF759TCO.fastq.gz
Approx 15% complete for ENCFF759TCO.fastq.gz
Approx 20% complete for ENCFF759TCO.fastq.gz
Approx 25% complete for ENCFF759TCO.fastq.gz
Approx 30% complete for ENCFF759TCO.fastq.gz
Approx 35% complete for ENCFF759TCO.fastq.gz
Approx 40% complete for ENCFF759TCO.fastq.gz
Approx 45% complete for ENCFF759TCO.fastq.gz
Approx 50% complete for ENCFF759TCO.fastq.gz
Approx 55% complete for ENCFF759TCO.fastq.gz
Approx 60% complete for ENCFF759TCO.fastq.gz
Approx 65% complete for ENCFF759TCO.fastq.gz
Approx 70% complete for ENCFF759TCO.fastq.gz
Approx 75% complete for ENCFF759TCO.fastq.gz
Approx 80% complete for ENCFF759TCO.fastq.gz
Approx 85% complete for ENCFF759TCO.fastq.gz
Approx 90% complete for ENCFF759TCO.fastq.gz
Approx 95% complete for ENCFF759TCO.fastq.gz
Analysis complete for ENCFF759TCO.fastq.gz
Started analysis of ENCFF759XGS.fastq.gz
Approx 5% complete for ENCFF759XGS.fastq.gz
Approx 10% complete for ENCFF759XGS.fastq.gz
Approx 15% complete for ENCFF759XGS.fastq.gz
Approx 20% complete for ENCFF759XGS.fastq.gz
Approx 25% complete for ENCFF759XGS.fastq.gz
Approx 30% complete for ENCFF759XGS.fastq.gz
Approx 35% complete for ENCFF759XGS.fastq.gz
Approx 40% complete for ENCFF759XGS.fastq.gz
Approx 45% complete for ENCFF759XGS.fastq.gz
Approx 50% complete for ENCFF759XGS.fastq.gz
Approx 55% complete for ENCFF759XGS.fastq.gz
Approx 60% complete for ENCFF759XGS.fastq.gz
Approx 65% complete for ENCFF759XGS.fastq.gz
Approx 70% complete for ENCFF759XGS.fastq.gz
Approx 75% complete for ENCFF759XGS.fastq.gz
Approx 80% complete for ENCFF759XGS.fastq.gz
Approx 85% complete for ENCFF759XGS.fastq.gz
Approx 90% complete for ENCFF759XGS.fastq.gz
Approx 95% complete for ENCFF759XGS.fastq.gz
Analysis complete for ENCFF759XGS.fastq.gz
Started analysis of ENCFF838HSB.fastq.gz
Approx 5% complete for ENCFF838HSB.fastq.gz
Approx 10% complete for ENCFF838HSB.fastq.gz
Approx 15% complete for ENCFF838HSB.fastq.gz
Approx 20% complete for ENCFF838HSB.fastq.gz
Approx 25% complete for ENCFF838HSB.fastq.gz
Approx 30% complete for ENCFF838HSB.fastq.gz
Approx 35% complete for ENCFF838HSB.fastq.gz
Approx 40% complete for ENCFF838HSB.fastq.gz
Approx 45% complete for ENCFF838HSB.fastq.gz
Approx 50% complete for ENCFF838HSB.fastq.gz
Approx 55% complete for ENCFF838HSB.fastq.gz
Approx 60% complete for ENCFF838HSB.fastq.gz
Approx 65% complete for ENCFF838HSB.fastq.gz
Approx 70% complete for ENCFF838HSB.fastq.gz
Approx 75% complete for ENCFF838HSB.fastq.gz
Approx 80% complete for ENCFF838HSB.fastq.gz
Approx 85% complete for ENCFF838HSB.fastq.gz
Approx 90% complete for ENCFF838HSB.fastq.gz
Approx 95% complete for ENCFF838HSB.fastq.gz
Analysis complete for ENCFF838HSB.fastq.gz
Started analysis of ENCFF916KEO.fastq.gz
Approx 5% complete for ENCFF916KEO.fastq.gz
Approx 10% complete for ENCFF916KEO.fastq.gz
Approx 15% complete for ENCFF916KEO.fastq.gz
Approx 20% complete for ENCFF916KEO.fastq.gz
Approx 25% complete for ENCFF916KEO.fastq.gz
Approx 30% complete for ENCFF916KEO.fastq.gz
Approx 35% complete for ENCFF916KEO.fastq.gz
Approx 40% complete for ENCFF916KEO.fastq.gz
Approx 45% complete for ENCFF916KEO.fastq.gz
Approx 50% complete for ENCFF916KEO.fastq.gz
Approx 55% complete for ENCFF916KEO.fastq.gz
Approx 60% complete for ENCFF916KEO.fastq.gz
Approx 65% complete for ENCFF916KEO.fastq.gz
Approx 70% complete for ENCFF916KEO.fastq.gz
Approx 75% complete for ENCFF916KEO.fastq.gz
Approx 80% complete for ENCFF916KEO.fastq.gz
Approx 85% complete for ENCFF916KEO.fastq.gz
Approx 90% complete for ENCFF916KEO.fastq.gz
Approx 95% complete for ENCFF916KEO.fastq.gz
Analysis complete for ENCFF916KEO.fastq.gz

[build] loading fasta file raw_data/Drosophila_melanogaster.BDGP6.22.cdna.all.fa.gz
[build] k-mer length: 31
[build] warning: clipped off poly-A tail (longer than 10)
        from 8 target sequences
[build] counting k-mers ... done.
[build] building target de Bruijn graph ...  done 
[build] creating equivalence classes ...  done
[build] target de Bruijn graph has 71317 contigs and contains 33250495 k-mers 


[quant] fragment length distribution will be estimated from the data
[index] k-mer length: 31
[index] number of targets: 30,839
[index] number of k-mers: 33,250,495
[index] number of equivalence classes: 58,781
[quant] running in paired-end mode
[quant] will process pair 1: raw_data/ENCFF442GRR.fastq.gz
                             raw_data/ENCFF378XQB.fastq.gz
[quant] finding pseudoalignments for the reads ... done
[quant] processed 952,550 reads, 794,340 reads pseudoaligned
[quant] estimated average fragment length: 191.334
[   em] quantifying the abundances ... done
[   em] the Expectation-Maximization algorithm ran for 973 rounds
[bstrp] running EM for the bootstrap: 1
[bstrp] running EM for the bootstrap: 2
[bstrp] running EM for the bootstrap: 3
[bstrp] running EM for the bootstrap: 4
[bstrp] running EM for the bootstrap: 5
[bstrp] running EM for the bootstrap: 6
[bstrp] running EM for the bootstrap: 7
[bstrp] running EM for the bootstrap: 8
[bstrp] running EM for the bootstrap: 9
[bstrp] running EM for the bootstrap: 10
[bstrp] running EM for the bootstrap: 11
[bstrp] running EM for the bootstrap: 12
[bstrp] running EM for the bootstrap: 13
[bstrp] running EM for the bootstrap: 14
[bstrp] running EM for the bootstrap: 15
[bstrp] running EM for the bootstrap: 16
[bstrp] running EM for the bootstrap: 17
[bstrp] running EM for the bootstrap: 18
[bstrp] running EM for the bootstrap: 19
[bstrp] running EM for the bootstrap: 20
[bstrp] running EM for the bootstrap: 21
[bstrp] running EM for the bootstrap: 22
[bstrp] running EM for the bootstrap: 23
[bstrp] running EM for the bootstrap: 24
[bstrp] running EM for the bootstrap: 25
[bstrp] running EM for the bootstrap: 26
[bstrp] running EM for the bootstrap: 27
[bstrp] running EM for the bootstrap: 28
[bstrp] running EM for the bootstrap: 29
[bstrp] running EM for the bootstrap: 30
[bstrp] running EM for the bootstrap: 31
[bstrp] running EM for the bootstrap: 32
[bstrp] running EM for the bootstrap: 33
[bstrp] running EM for the bootstrap: 34
[bstrp] running EM for the bootstrap: 35
[bstrp] running EM for the bootstrap: 36
[bstrp] running EM for the bootstrap: 37
[bstrp] running EM for the bootstrap: 38
[bstrp] running EM for the bootstrap: 39
[bstrp] running EM for the bootstrap: 40
[bstrp] running EM for the bootstrap: 41
[bstrp] running EM for the bootstrap: 42
[bstrp] running EM for the bootstrap: 43
[bstrp] running EM for the bootstrap: 44
[bstrp] running EM for the bootstrap: 45
[bstrp] running EM for the bootstrap: 46
[bstrp] running EM for the bootstrap: 47
[bstrp] running EM for the bootstrap: 48
[bstrp] running EM for the bootstrap: 49
[bstrp] running EM for the bootstrap: 50


[quant] fragment length distribution will be estimated from the data
[index] k-mer length: 31
[index] number of targets: 30,839
[index] number of k-mers: 33,250,495
[index] number of equivalence classes: 58,781
[quant] running in paired-end mode
[quant] will process pair 1: raw_data/ENCFF699JHK.fastq.gz
                             raw_data/ENCFF631PPT.fastq.gz
[quant] finding pseudoalignments for the reads ... done
[quant] processed 34,896,458 reads, 28,819,491 reads pseudoaligned
[quant] estimated average fragment length: 194.08
[   em] quantifying the abundances ... done
[   em] the Expectation-Maximization algorithm ran for 1,152 rounds
[bstrp] running EM for the bootstrap: 1
[bstrp] running EM for the bootstrap: 2
[bstrp] running EM for the bootstrap: 3
[bstrp] running EM for the bootstrap: 4
[bstrp] running EM for the bootstrap: 5
[bstrp] running EM for the bootstrap: 6
[bstrp] running EM for the bootstrap: 7
[bstrp] running EM for the bootstrap: 8
[bstrp] running EM for the bootstrap: 9
[bstrp] running EM for the bootstrap: 10
[bstrp] running EM for the bootstrap: 11
[bstrp] running EM for the bootstrap: 12
[bstrp] running EM for the bootstrap: 13
[bstrp] running EM for the bootstrap: 14
[bstrp] running EM for the bootstrap: 15
[bstrp] running EM for the bootstrap: 16
[bstrp] running EM for the bootstrap: 17
[bstrp] running EM for the bootstrap: 18
[bstrp] running EM for the bootstrap: 19
[bstrp] running EM for the bootstrap: 20
[bstrp] running EM for the bootstrap: 21
[bstrp] running EM for the bootstrap: 22
[bstrp] running EM for the bootstrap: 23
[bstrp] running EM for the bootstrap: 24
[bstrp] running EM for the bootstrap: 25
[bstrp] running EM for the bootstrap: 26
[bstrp] running EM for the bootstrap: 27
[bstrp] running EM for the bootstrap: 28
[bstrp] running EM for the bootstrap: 29
[bstrp] running EM for the bootstrap: 30
[bstrp] running EM for the bootstrap: 31
[bstrp] running EM for the bootstrap: 32
[bstrp] running EM for the bootstrap: 33
[bstrp] running EM for the bootstrap: 34
[bstrp] running EM for the bootstrap: 35
[bstrp] running EM for the bootstrap: 36
[bstrp] running EM for the bootstrap: 37
[bstrp] running EM for the bootstrap: 38
[bstrp] running EM for the bootstrap: 39
[bstrp] running EM for the bootstrap: 40
[bstrp] running EM for the bootstrap: 41
[bstrp] running EM for the bootstrap: 42
[bstrp] running EM for the bootstrap: 43
[bstrp] running EM for the bootstrap: 44
[bstrp] running EM for the bootstrap: 45
[bstrp] running EM for the bootstrap: 46
[bstrp] running EM for the bootstrap: 47
[bstrp] running EM for the bootstrap: 48
[bstrp] running EM for the bootstrap: 49
[bstrp] running EM for the bootstrap: 50


[quant] fragment length distribution will be estimated from the data
[index] k-mer length: 31
[index] number of targets: 30,839
[index] number of k-mers: 33,250,495
[index] number of equivalence classes: 58,781
[quant] running in paired-end mode
[quant] will process pair 1: raw_data/ENCFF072AOO.fastq.gz
                             raw_data/ENCFF381CKZ.fastq.gz
[quant] finding pseudoalignments for the reads ... done
[quant] processed 483,480 reads, 394,414 reads pseudoaligned
[quant] estimated average fragment length: 196.64
[   em] quantifying the abundances ... done
[   em] the Expectation-Maximization algorithm ran for 886 rounds
[bstrp] running EM for the bootstrap: 1
[bstrp] running EM for the bootstrap: 2
[bstrp] running EM for the bootstrap: 3
[bstrp] running EM for the bootstrap: 4
[bstrp] running EM for the bootstrap: 5
[bstrp] running EM for the bootstrap: 6
[bstrp] running EM for the bootstrap: 7
[bstrp] running EM for the bootstrap: 8
[bstrp] running EM for the bootstrap: 9
[bstrp] running EM for the bootstrap: 10
[bstrp] running EM for the bootstrap: 11
[bstrp] running EM for the bootstrap: 12
[bstrp] running EM for the bootstrap: 13
[bstrp] running EM for the bootstrap: 14
[bstrp] running EM for the bootstrap: 15
[bstrp] running EM for the bootstrap: 16
[bstrp] running EM for the bootstrap: 17
[bstrp] running EM for the bootstrap: 18
[bstrp] running EM for the bootstrap: 19
[bstrp] running EM for the bootstrap: 20
[bstrp] running EM for the bootstrap: 21
[bstrp] running EM for the bootstrap: 22
[bstrp] running EM for the bootstrap: 23
[bstrp] running EM for the bootstrap: 24
[bstrp] running EM for the bootstrap: 25
[bstrp] running EM for the bootstrap: 26
[bstrp] running EM for the bootstrap: 27
[bstrp] running EM for the bootstrap: 28
[bstrp] running EM for the bootstrap: 29
[bstrp] running EM for the bootstrap: 30
[bstrp] running EM for the bootstrap: 31
[bstrp] running EM for the bootstrap: 32
[bstrp] running EM for the bootstrap: 33
[bstrp] running EM for the bootstrap: 34
[bstrp] running EM for the bootstrap: 35
[bstrp] running EM for the bootstrap: 36
[bstrp] running EM for the bootstrap: 37
[bstrp] running EM for the bootstrap: 38
[bstrp] running EM for the bootstrap: 39
[bstrp] running EM for the bootstrap: 40
[bstrp] running EM for the bootstrap: 41
[bstrp] running EM for the bootstrap: 42
[bstrp] running EM for the bootstrap: 43
[bstrp] running EM for the bootstrap: 44
[bstrp] running EM for the bootstrap: 45
[bstrp] running EM for the bootstrap: 46
[bstrp] running EM for the bootstrap: 47
[bstrp] running EM for the bootstrap: 48
[bstrp] running EM for the bootstrap: 49
[bstrp] running EM for the bootstrap: 50


[quant] fragment length distribution will be estimated from the data
[index] k-mer length: 31
[index] number of targets: 30,839
[index] number of k-mers: 33,250,495
[index] number of equivalence classes: 58,781
[quant] running in paired-end mode
[quant] will process pair 1: raw_data/ENCFF916KEO.fastq.gz
                             raw_data/ENCFF507JPG.fastq.gz
[quant] finding pseudoalignments for the reads ... done
[quant] processed 29,770,254 reads, 24,148,460 reads pseudoaligned
[quant] estimated average fragment length: 196.964
[   em] quantifying the abundances ... done
[   em] the Expectation-Maximization algorithm ran for 1,279 rounds
[bstrp] running EM for the bootstrap: 1
[bstrp] running EM for the bootstrap: 2
[bstrp] running EM for the bootstrap: 3
[bstrp] running EM for the bootstrap: 4
[bstrp] running EM for the bootstrap: 5
[bstrp] running EM for the bootstrap: 6
[bstrp] running EM for the bootstrap: 7
[bstrp] running EM for the bootstrap: 8
[bstrp] running EM for the bootstrap: 9
[bstrp] running EM for the bootstrap: 10
[bstrp] running EM for the bootstrap: 11
[bstrp] running EM for the bootstrap: 12
[bstrp] running EM for the bootstrap: 13
[bstrp] running EM for the bootstrap: 14
[bstrp] running EM for the bootstrap: 15
[bstrp] running EM for the bootstrap: 16
[bstrp] running EM for the bootstrap: 17
[bstrp] running EM for the bootstrap: 18
[bstrp] running EM for the bootstrap: 19
[bstrp] running EM for the bootstrap: 20
[bstrp] running EM for the bootstrap: 21
[bstrp] running EM for the bootstrap: 22
[bstrp] running EM for the bootstrap: 23
[bstrp] running EM for the bootstrap: 24
[bstrp] running EM for the bootstrap: 25
[bstrp] running EM for the bootstrap: 26
[bstrp] running EM for the bootstrap: 27
[bstrp] running EM for the bootstrap: 28
[bstrp] running EM for the bootstrap: 29
[bstrp] running EM for the bootstrap: 30
[bstrp] running EM for the bootstrap: 31
[bstrp] running EM for the bootstrap: 32
[bstrp] running EM for the bootstrap: 33
[bstrp] running EM for the bootstrap: 34
[bstrp] running EM for the bootstrap: 35
[bstrp] running EM for the bootstrap: 36
[bstrp] running EM for the bootstrap: 37
[bstrp] running EM for the bootstrap: 38
[bstrp] running EM for the bootstrap: 39
[bstrp] running EM for the bootstrap: 40
[bstrp] running EM for the bootstrap: 41
[bstrp] running EM for the bootstrap: 42
[bstrp] running EM for the bootstrap: 43
[bstrp] running EM for the bootstrap: 44
[bstrp] running EM for the bootstrap: 45
[bstrp] running EM for the bootstrap: 46
[bstrp] running EM for the bootstrap: 47
[bstrp] running EM for the bootstrap: 48
[bstrp] running EM for the bootstrap: 49
[bstrp] running EM for the bootstrap: 50


[quant] fragment length distribution will be estimated from the data
[index] k-mer length: 31
[index] number of targets: 30,839
[index] number of k-mers: 33,250,495
[index] number of equivalence classes: 58,781
[quant] running in paired-end mode
[quant] will process pair 1: raw_data/ENCFF759XGS.fastq.gz
                             raw_data/ENCFF838HSB.fastq.gz
[quant] finding pseudoalignments for the reads ... done
[quant] processed 1,314,443 reads, 1,052,191 reads pseudoaligned
[quant] estimated average fragment length: 178.759
[   em] quantifying the abundances ... done
[   em] the Expectation-Maximization algorithm ran for 1,226 rounds
[bstrp] running EM for the bootstrap: 1
[bstrp] running EM for the bootstrap: 2
[bstrp] running EM for the bootstrap: 3
[bstrp] running EM for the bootstrap: 4
[bstrp] running EM for the bootstrap: 5
[bstrp] running EM for the bootstrap: 6
[bstrp] running EM for the bootstrap: 7
[bstrp] running EM for the bootstrap: 8
[bstrp] running EM for the bootstrap: 9
[bstrp] running EM for the bootstrap: 10
[bstrp] running EM for the bootstrap: 11
[bstrp] running EM for the bootstrap: 12
[bstrp] running EM for the bootstrap: 13
[bstrp] running EM for the bootstrap: 14
[bstrp] running EM for the bootstrap: 15
[bstrp] running EM for the bootstrap: 16
[bstrp] running EM for the bootstrap: 17
[bstrp] running EM for the bootstrap: 18
[bstrp] running EM for the bootstrap: 19
[bstrp] running EM for the bootstrap: 20
[bstrp] running EM for the bootstrap: 21
[bstrp] running EM for the bootstrap: 22
[bstrp] running EM for the bootstrap: 23
[bstrp] running EM for the bootstrap: 24
[bstrp] running EM for the bootstrap: 25
[bstrp] running EM for the bootstrap: 26
[bstrp] running EM for the bootstrap: 27
[bstrp] running EM for the bootstrap: 28
[bstrp] running EM for the bootstrap: 29
[bstrp] running EM for the bootstrap: 30
[bstrp] running EM for the bootstrap: 31
[bstrp] running EM for the bootstrap: 32
[bstrp] running EM for the bootstrap: 33
[bstrp] running EM for the bootstrap: 34
[bstrp] running EM for the bootstrap: 35
[bstrp] running EM for the bootstrap: 36
[bstrp] running EM for the bootstrap: 37
[bstrp] running EM for the bootstrap: 38
[bstrp] running EM for the bootstrap: 39
[bstrp] running EM for the bootstrap: 40
[bstrp] running EM for the bootstrap: 41
[bstrp] running EM for the bootstrap: 42
[bstrp] running EM for the bootstrap: 43
[bstrp] running EM for the bootstrap: 44
[bstrp] running EM for the bootstrap: 45
[bstrp] running EM for the bootstrap: 46
[bstrp] running EM for the bootstrap: 47
[bstrp] running EM for the bootstrap: 48
[bstrp] running EM for the bootstrap: 49
[bstrp] running EM for the bootstrap: 50


[quant] fragment length distribution will be estimated from the data
[index] k-mer length: 31
[index] number of targets: 30,839
[index] number of k-mers: 33,250,495
[index] number of equivalence classes: 58,781
[quant] running in paired-end mode
[quant] will process pair 1: raw_data/ENCFF759TCO.fastq.gz
                             raw_data/ENCFF610OWW.fastq.gz
[quant] finding pseudoalignments for the reads ... done
[quant] processed 43,113,692 reads, 34,206,119 reads pseudoaligned
[quant] estimated average fragment length: 181.591
[   em] quantifying the abundances ... done
[   em] the Expectation-Maximization algorithm ran for 1,179 rounds
[bstrp] running EM for the bootstrap: 1
[bstrp] running EM for the bootstrap: 2
[bstrp] running EM for the bootstrap: 3
[bstrp] running EM for the bootstrap: 4
[bstrp] running EM for the bootstrap: 5
[bstrp] running EM for the bootstrap: 6
[bstrp] running EM for the bootstrap: 7
[bstrp] running EM for the bootstrap: 8
[bstrp] running EM for the bootstrap: 9
[bstrp] running EM for the bootstrap: 10
[bstrp] running EM for the bootstrap: 11
[bstrp] running EM for the bootstrap: 12
[bstrp] running EM for the bootstrap: 13
[bstrp] running EM for the bootstrap: 14
[bstrp] running EM for the bootstrap: 15
[bstrp] running EM for the bootstrap: 16
[bstrp] running EM for the bootstrap: 17
[bstrp] running EM for the bootstrap: 18
[bstrp] running EM for the bootstrap: 19
[bstrp] running EM for the bootstrap: 20
[bstrp] running EM for the bootstrap: 21
[bstrp] running EM for the bootstrap: 22
[bstrp] running EM for the bootstrap: 23
[bstrp] running EM for the bootstrap: 24
[bstrp] running EM for the bootstrap: 25
[bstrp] running EM for the bootstrap: 26
[bstrp] running EM for the bootstrap: 27
[bstrp] running EM for the bootstrap: 28
[bstrp] running EM for the bootstrap: 29
[bstrp] running EM for the bootstrap: 30
[bstrp] running EM for the bootstrap: 31
[bstrp] running EM for the bootstrap: 32
[bstrp] running EM for the bootstrap: 33
[bstrp] running EM for the bootstrap: 34
[bstrp] running EM for the bootstrap: 35
[bstrp] running EM for the bootstrap: 36
[bstrp] running EM for the bootstrap: 37
[bstrp] running EM for the bootstrap: 38
[bstrp] running EM for the bootstrap: 39
[bstrp] running EM for the bootstrap: 40
[bstrp] running EM for the bootstrap: 41
[bstrp] running EM for the bootstrap: 42
[bstrp] running EM for the bootstrap: 43
[bstrp] running EM for the bootstrap: 44
[bstrp] running EM for the bootstrap: 45
[bstrp] running EM for the bootstrap: 46
[bstrp] running EM for the bootstrap: 47
[bstrp] running EM for the bootstrap: 48
[bstrp] running EM for the bootstrap: 49
[bstrp] running EM for the bootstrap: 50


[quant] fragment length distribution will be estimated from the data
[index] k-mer length: 31
[index] number of targets: 30,839
[index] number of k-mers: 33,250,495
[index] number of equivalence classes: 58,781
[quant] running in paired-end mode
[quant] will process pair 1: raw_data/ENCFF350ZBX.fastq.gz
                             raw_data/ENCFF108KBN.fastq.gz
[quant] finding pseudoalignments for the reads ... done
[quant] processed 1,004,450 reads, 822,940 reads pseudoaligned
[quant] estimated average fragment length: 197.105
[   em] quantifying the abundances ... done
[   em] the Expectation-Maximization algorithm ran for 931 rounds
[bstrp] running EM for the bootstrap: 1
[bstrp] running EM for the bootstrap: 2
[bstrp] running EM for the bootstrap: 3
[bstrp] running EM for the bootstrap: 4
[bstrp] running EM for the bootstrap: 5
[bstrp] running EM for the bootstrap: 6
[bstrp] running EM for the bootstrap: 7
[bstrp] running EM for the bootstrap: 8
[bstrp] running EM for the bootstrap: 9
[bstrp] running EM for the bootstrap: 10
[bstrp] running EM for the bootstrap: 11
[bstrp] running EM for the bootstrap: 12
[bstrp] running EM for the bootstrap: 13
[bstrp] running EM for the bootstrap: 14
[bstrp] running EM for the bootstrap: 15
[bstrp] running EM for the bootstrap: 16
[bstrp] running EM for the bootstrap: 17
[bstrp] running EM for the bootstrap: 18
[bstrp] running EM for the bootstrap: 19
[bstrp] running EM for the bootstrap: 20
[bstrp] running EM for the bootstrap: 21
[bstrp] running EM for the bootstrap: 22
[bstrp] running EM for the bootstrap: 23
[bstrp] running EM for the bootstrap: 24
[bstrp] running EM for the bootstrap: 25
[bstrp] running EM for the bootstrap: 26
[bstrp] running EM for the bootstrap: 27
[bstrp] running EM for the bootstrap: 28
[bstrp] running EM for the bootstrap: 29
[bstrp] running EM for the bootstrap: 30
[bstrp] running EM for the bootstrap: 31
[bstrp] running EM for the bootstrap: 32
[bstrp] running EM for the bootstrap: 33
[bstrp] running EM for the bootstrap: 34
[bstrp] running EM for the bootstrap: 35
[bstrp] running EM for the bootstrap: 36
[bstrp] running EM for the bootstrap: 37
[bstrp] running EM for the bootstrap: 38
[bstrp] running EM for the bootstrap: 39
[bstrp] running EM for the bootstrap: 40
[bstrp] running EM for the bootstrap: 41
[bstrp] running EM for the bootstrap: 42
[bstrp] running EM for the bootstrap: 43
[bstrp] running EM for the bootstrap: 44
[bstrp] running EM for the bootstrap: 45
[bstrp] running EM for the bootstrap: 46
[bstrp] running EM for the bootstrap: 47
[bstrp] running EM for the bootstrap: 48
[bstrp] running EM for the bootstrap: 49
[bstrp] running EM for the bootstrap: 50


[quant] fragment length distribution will be estimated from the data
[index] k-mer length: 31
[index] number of targets: 30,839
[index] number of k-mers: 33,250,495
[index] number of equivalence classes: 58,781
[quant] running in paired-end mode
[quant] will process pair 1: raw_data/ENCFF726NSX.fastq.gz
                             raw_data/ENCFF377OPM.fastq.gz
[quant] finding pseudoalignments for the reads ... done
[quant] processed 30,864,154 reads, 25,082,742 reads pseudoaligned
[quant] estimated average fragment length: 196.212
[   em] quantifying the abundances ... done
[   em] the Expectation-Maximization algorithm ran for 1,142 rounds
[bstrp] running EM for the bootstrap: 1
[bstrp] running EM for the bootstrap: 2
[bstrp] running EM for the bootstrap: 3
[bstrp] running EM for the bootstrap: 4
[bstrp] running EM for the bootstrap: 5
[bstrp] running EM for the bootstrap: 6
[bstrp] running EM for the bootstrap: 7
[bstrp] running EM for the bootstrap: 8
[bstrp] running EM for the bootstrap: 9
[bstrp] running EM for the bootstrap: 10
[bstrp] running EM for the bootstrap: 11
[bstrp] running EM for the bootstrap: 12
[bstrp] running EM for the bootstrap: 13
[bstrp] running EM for the bootstrap: 14
[bstrp] running EM for the bootstrap: 15
[bstrp] running EM for the bootstrap: 16
[bstrp] running EM for the bootstrap: 17
[bstrp] running EM for the bootstrap: 18
[bstrp] running EM for the bootstrap: 19
[bstrp] running EM for the bootstrap: 20
[bstrp] running EM for the bootstrap: 21
[bstrp] running EM for the bootstrap: 22
[bstrp] running EM for the bootstrap: 23
[bstrp] running EM for the bootstrap: 24
[bstrp] running EM for the bootstrap: 25
[bstrp] running EM for the bootstrap: 26
[bstrp] running EM for the bootstrap: 27
[bstrp] running EM for the bootstrap: 28
[bstrp] running EM for the bootstrap: 29
[bstrp] running EM for the bootstrap: 30
[bstrp] running EM for the bootstrap: 31
[bstrp] running EM for the bootstrap: 32
[bstrp] running EM for the bootstrap: 33
[bstrp] running EM for the bootstrap: 34
[bstrp] running EM for the bootstrap: 35
[bstrp] running EM for the bootstrap: 36
[bstrp] running EM for the bootstrap: 37
[bstrp] running EM for the bootstrap: 38
[bstrp] running EM for the bootstrap: 39
[bstrp] running EM for the bootstrap: 40
[bstrp] running EM for the bootstrap: 41
[bstrp] running EM for the bootstrap: 42
[bstrp] running EM for the bootstrap: 43
[bstrp] running EM for the bootstrap: 44
[bstrp] running EM for the bootstrap: 45
[bstrp] running EM for the bootstrap: 46
[bstrp] running EM for the bootstrap: 47
[bstrp] running EM for the bootstrap: 48
[bstrp] running EM for the bootstrap: 49
[bstrp] running EM for the bootstrap: 50

reading in kallisto results
dropping unused factor levels
........
normalizing est_counts
21351 targets passed the filter
normalizing tpm
merging in metadata
summarizing bootstraps
........
fitting measurement error models
shrinkage estimation
22 NA values were found during variance shrinkage estimation due to mean observation values outside of the range used for the LOESS fit.
The LOESS fit will be repeated using exact computation of the fitted surface to extrapolate the missing values.
These are the target ids with NA values: FBtr0070806, FBtr0072146, FBtr0073821, FBtr0074029, FBtr0076171, FBtr0077844, FBtr0077926, FBtr0078326, FBtr0079199, FBtr0082268, FBtr0083694, FBtr0085680, FBtr0088907, FBtr0112378, FBtr0300384, FBtr0308822, FBtr0331508, FBtr0331510, FBtr0332394, FBtr0333794, FBtr0344967, FBtr0345948
computing variance of betas
fitting measurement error models
shrinkage estimation
22 NA values were found during variance shrinkage estimation due to mean observation values outside of the range used for the LOESS fit.
The LOESS fit will be repeated using exact computation of the fitted surface to extrapolate the missing values.
These are the target ids with NA values: FBtr0070806, FBtr0072146, FBtr0073821, FBtr0074029, FBtr0076171, FBtr0077844, FBtr0077926, FBtr0078326, FBtr0079199, FBtr0082268, FBtr0083694, FBtr0085680, FBtr0088907, FBtr0112378, FBtr0300384, FBtr0308822, FBtr0331508, FBtr0331510, FBtr0332394, FBtr0333794, FBtr0344967, FBtr0345948
computing variance of betas
[1] "Table of Sleuth's Results:"
    target_id         pval      qval test_stat       rss degrees_free mean_obs
1 FBtr0077546 1.576125e-05 0.3365184  18.64315 0.4593029            1 7.014292
     var_obs    tech_var   sigma_sq smooth_sigma_sq final_sigma_sq
1 0.06561469 0.004933269 0.06068142      0.01297675     0.06068142
